<?xml version="1.0" encoding="UTF-8"?>
<testng-results ignored="0" total="1" passed="1" failed="0" skipped="0">
  <reporter-output>
  </reporter-output>
  <suite started-at="2020-03-05T21:13:55 NPT" name="InetBankingV0" finished-at="2020-03-05T21:14:35 NPT" duration-ms="39932">
    <groups>
    </groups>
    <test started-at="2020-03-05T21:13:55 NPT" name="BankingApp Test" finished-at="2020-03-05T21:14:35 NPT" duration-ms="39932">
      <class name="com.inet_Banking.testCases.TC_NewCustomerTest_003">
        <test-method is-config="true" signature="setup(java.lang.String)[pri:0, instance:com.inet_Banking.testCases.TC_NewCustomerTest_003@76b10754]" started-at="2020-03-05T21:13:56 NPT" name="setup" finished-at="2020-03-05T21:14:19 NPT" duration-ms="22977" status="PASS">
          <params>
            <param index="0">
              <value>
                <![CDATA[chrome]]>
              </value>
            </param>
          </params>
          <reporter-output>
          </reporter-output>
        </test-method> <!-- setup -->
        <test-method signature="NewCustomerTest()[pri:0, instance:com.inet_Banking.testCases.TC_NewCustomerTest_003@76b10754]" started-at="2020-03-05T21:14:19 NPT" name="NewCustomerTest" finished-at="2020-03-05T21:14:35 NPT" duration-ms="15412" status="PASS">
          <reporter-output>
          </reporter-output>
        </test-method> <!-- NewCustomerTest -->
        <test-method is-config="true" signature="tearDown()[pri:0, instance:com.inet_Banking.testCases.TC_NewCustomerTest_003@76b10754]" started-at="2020-03-05T21:14:35 NPT" name="tearDown" finished-at="2020-03-05T21:14:35 NPT" duration-ms="725" status="PASS">
          <reporter-output>
          </reporter-output>
        </test-method> <!-- tearDown -->
      </class> <!-- com.inet_Banking.testCases.TC_NewCustomerTest_003 -->
    </test> <!-- BankingApp Test -->
  </suite> <!-- InetBankingV0 -->
</testng-results>
